[2026-03-26 23:00:05] === OrganizarWAVTracks iniciado ===
[2026-03-26 23:00:05] Sequencia: Synced Sequence
[2026-03-26 23:00:05] Audio tracks existentes: 19
[2026-03-26 23:00:05] Track 0 (Audio 1): 0 clips
[2026-03-26 23:00:05] Track 1 (Audio 2): 0 clips
[2026-03-26 23:00:05] Track 2 (Audio 3): 0 clips
[2026-03-26 23:00:05] Track 3 (Audio 4): 0 clips
[2026-03-26 23:00:05] Track 4 (Audio 5): 0 clips
[2026-03-26 23:00:05] Track 5 (Audio 6): 2 clips
[2026-03-26 23:00:05]   [---] Clip 0: "APC-4264.MP4" | nao e WAV
[2026-03-26 23:00:05]   [---] Clip 1: "APC-4265.MP4" | nao e WAV
[2026-03-26 23:00:05] Track 6 (Audio 7): 4 clips
[2026-03-26 23:00:05]   [---] Clip 0: "APD-4302.MP4" | nao e WAV
[2026-03-26 23:00:05]   [---] Clip 1: "APD-4303.MP4" | nao e WAV
[2026-03-26 23:00:05]   [---] Clip 2: "APD-4304.MP4" | nao e WAV
[2026-03-26 23:00:05]   [---] Clip 3: "APD-4305.MP4" | nao e WAV
[2026-03-26 23:00:05] Track 7 (Audio 8): 4 clips
[2026-03-26 23:00:05]   [---] Clip 0: "FFA-4268.MP4" | nao e WAV
[2026-03-26 23:00:05]   [---] Clip 1: "FFA-4269.MP4" | nao e WAV
[2026-03-26 23:00:05]   [---] Clip 2: "FFA-4270.MP4" | nao e WAV
[2026-03-26 23:00:05]   [---] Clip 3: "FFA-4271.MP4" | nao e WAV
[2026-03-26 23:00:05] Track 8 (Audio 9): 3 clips
[2026-03-26 23:00:05]   [---] Clip 0: "FFB-4253.MP4" | nao e WAV
[2026-03-26 23:00:05]   [---] Clip 1: "FFB-4254.MP4" | nao e WAV
[2026-03-26 23:00:05]   [---] Clip 2: "FFB-4255.MP4" | nao e WAV
[2026-03-26 23:00:05] Track 9 (Audio 10): 4 clips
[2026-03-26 23:00:05]   [---] Clip 0: "C0001.MP4" | nao e WAV
[2026-03-26 23:00:05]   [---] Clip 1: "C0002.MP4" | nao e WAV
[2026-03-26 23:00:05]   [---] Clip 2: "C0003.MP4" | nao e WAV
[2026-03-26 23:00:05]   [---] Clip 3: "C0004.MP4" | nao e WAV
[2026-03-26 23:00:05] Track 10 (Audio 11): 117 clips
[2026-03-26 23:00:05]   [---] Clip 0: "APE_FX30_STD-4311.MP4" | nao e WAV
[2026-03-26 23:00:05]   [---] Clip 1: "APE_FX30_STD-4312.MP4" | nao e WAV
[2026-03-26 23:00:05]   [---] Clip 2: "APE_FX30_STD-4316.MP4" | nao e WAV
[2026-03-26 23:00:05]   [---] Clip 3: "APE_FX30_STD-4318.MP4" | nao e WAV
[2026-03-26 23:00:05]   [---] Clip 4: "APE_FX30_STD-4319.MP4" | nao e WAV
[2026-03-26 23:00:05]   [---] Clip 5: "APE_FX30_STD-4320.MP4" | nao e WAV
[2026-03-26 23:00:05]   [---] Clip 6: "APE_FX30_STD-4321.MP4" | nao e WAV
[2026-03-26 23:00:05]   [---] Clip 7: "APE_FX30_STD-4324.MP4" | nao e WAV
[2026-03-26 23:00:05]   [---] Clip 8: "APE_FX30_STD-4325.MP4" | nao e WAV
[2026-03-26 23:00:05]   [---] Clip 9: "APE_FX30_STD-4326.MP4" | nao e WAV
[2026-03-26 23:00:05]   [---] Clip 10: "APE_FX30_STD-4327.MP4" | nao e WAV
[2026-03-26 23:00:05]   [---] Clip 11: "APE_FX30_STD-4342.MP4" | nao e WAV
[2026-03-26 23:00:05]   [---] Clip 12: "APE_FX30_STD-4351.MP4" | nao e WAV
[2026-03-26 23:00:05]   [---] Clip 13: "APE_FX30_STD-4352.MP4" | nao e WAV
[2026-03-26 23:00:05]   [---] Clip 14: "APE_FX30_STD-4354.MP4" | nao e WAV
[2026-03-26 23:00:05]   [---] Clip 15: "APE_FX30_STD-4355.MP4" | nao e WAV
[2026-03-26 23:00:05]   [---] Clip 16: "APE_FX30_STD-4357.MP4" | nao e WAV
[2026-03-26 23:00:05]   [---] Clip 17: "APE_FX30_STD-4358.MP4" | nao e WAV
[2026-03-26 23:00:05]   [---] Clip 18: "APE_FX30_STD-4367.MP4" | nao e WAV
[2026-03-26 23:00:05]   [---] Clip 19: "APE_FX30_STD-4369.MP4" | nao e WAV
[2026-03-26 23:00:05]   [---] Clip 20: "APE_FX30_STD-4370.MP4" | nao e WAV
[2026-03-26 23:00:05]   [---] Clip 21: "APE_FX30_STD-4372.MP4" | nao e WAV
[2026-03-26 23:00:05]   [---] Clip 22: "APE_FX30_STD-4378.MP4" | nao e WAV
[2026-03-26 23:00:05]   [---] Clip 23: "APE_FX30_STD-4255.MP4" | nao e WAV
[2026-03-26 23:00:05]   [---] Clip 24: "APE_FX30_STD-4256.MP4" | nao e WAV
[2026-03-26 23:00:05]   [---] Clip 25: "APE_FX30_STD-4257.MP4" | nao e WAV
[2026-03-26 23:00:05]   [---] Clip 26: "APE_FX30_STD-4258.MP4" | nao e WAV
[2026-03-26 23:00:05]   [---] Clip 27: "APE_FX30_STD-4260.MP4" | nao e WAV
[2026-03-26 23:00:05]   [---] Clip 28: "APE_FX30_STD-4261.MP4" | nao e WAV
[2026-03-26 23:00:05]   [---] Clip 29: "APE_FX30_STD-4262.MP4" | nao e WAV
[2026-03-26 23:00:05]   [---] Clip 30: "APE_FX30_STD-4263.MP4" | nao e WAV
[2026-03-26 23:00:05]   [---] Clip 31: "APE_FX30_STD-4264.MP4" | nao e WAV
[2026-03-26 23:00:05]   [---] Clip 32: "APE_FX30_STD-4265.MP4" | nao e WAV
[2026-03-26 23:00:05]   [---] Clip 33: "APE_FX30_STD-4267.MP4" | nao e WAV
[2026-03-26 23:00:05]   [---] Clip 34: "APE_FX30_STD-4268.MP4" | nao e WAV
[2026-03-26 23:00:05]   [---] Clip 35: "APE_FX30_STD-4269.MP4" | nao e WAV
[2026-03-26 23:00:05]   [---] Clip 36: "APE_FX30_STD-4270.MP4" | nao e WAV
[2026-03-26 23:00:05]   [---] Clip 37: "APE_FX30_STD-4271.MP4" | nao e WAV
[2026-03-26 23:00:05]   [---] Clip 38: "APE_FX30_STD-4272.MP4" | nao e WAV
[2026-03-26 23:00:05]   [---] Clip 39: "APE_FX30_STD-4273.MP4" | nao e WAV
[2026-03-26 23:00:05]   [---] Clip 40: "APE_FX30_STD-4274.MP4" | nao e WAV
[2026-03-26 23:00:05]   [---] Clip 41: "APE_FX30_STD-4275.MP4" | nao e WAV
[2026-03-26 23:00:05]   [---] Clip 42: "APE_FX30_STD-4276.MP4" | nao e WAV
[2026-03-26 23:00:05]   [---] Clip 43: "APE_FX30_STD-4277.MP4" | nao e WAV
[2026-03-26 23:00:05]   [---] Clip 44: "APE_FX30_STD-4278.MP4" | nao e WAV
[2026-03-26 23:00:05]   [---] Clip 45: "APE_FX30_STD-4279.MP4" | nao e WAV
[2026-03-26 23:00:05]   [---] Clip 46: "APE_FX30_STD-4280.MP4" | nao e WAV
[2026-03-26 23:00:05]   [---] Clip 47: "APE_FX30_STD-4281.MP4" | nao e WAV
[2026-03-26 23:00:05]   [---] Clip 48: "APE_FX30_STD-4282.MP4" | nao e WAV
[2026-03-26 23:00:05]   [---] Clip 49: "APE_FX30_STD-4283.MP4" | nao e WAV
[2026-03-26 23:00:05]   [---] Clip 50: "APE_FX30_STD-4284.MP4" | nao e WAV
[2026-03-26 23:00:05]   [---] Clip 51: "APE_FX30_STD-4285.MP4" | nao e WAV
[2026-03-26 23:00:05]   [---] Clip 52: "APE_FX30_STD-4286.MP4" | nao e WAV
[2026-03-26 23:00:05]   [---] Clip 53: "APE_FX30_STD-4287.MP4" | nao e WAV
[2026-03-26 23:00:05]   [---] Clip 54: "APE_FX30_STD-4288.MP4" | nao e WAV
[2026-03-26 23:00:05]   [---] Clip 55: "APE_FX30_STD-4289.MP4" | nao e WAV
[2026-03-26 23:00:05]   [---] Clip 56: "APE_FX30_STD-4301.MP4" | nao e WAV
[2026-03-26 23:00:05]   [---] Clip 57: "APE_FX30_STD-4302.MP4" | nao e WAV
[2026-03-26 23:00:05]   [---] Clip 58: "APE_FX30_STD-4303.MP4" | nao e WAV
[2026-03-26 23:00:05]   [---] Clip 59: "APE_FX30_STD-4304.MP4" | nao e WAV
[2026-03-26 23:00:05]   [---] Clip 60: "APE_FX30_STD-4305.MP4" | nao e WAV
[2026-03-26 23:00:05]   [---] Clip 61: "APE_FX30_STD-4306.MP4" | nao e WAV
[2026-03-26 23:00:05]   [---] Clip 62: "APE_FX30_STD-4307.MP4" | nao e WAV
[2026-03-26 23:00:05]   [---] Clip 63: "APE_FX30_STD-4308.MP4" | nao e WAV
[2026-03-26 23:00:05]   [---] Clip 64: "APE_FX30_STD-4309.MP4" | nao e WAV
[2026-03-26 23:00:05]   [---] Clip 65: "APE_FX30_STD-4310.MP4" | nao e WAV
[2026-03-26 23:00:05]   [---] Clip 66: "APE_FX30_STD-4313.MP4" | nao e WAV
[2026-03-26 23:00:05]   [---] Clip 67: "APE_FX30_STD-4314.MP4" | nao e WAV
[2026-03-26 23:00:05]   [---] Clip 68: "APE_FX30_STD-4315.MP4" | nao e WAV
[2026-03-26 23:00:05]   [---] Clip 69: "APE_FX30_STD-4317.MP4" | nao e WAV
[2026-03-26 23:00:05]   [---] Clip 70: "APE_FX30_STD-4322.MP4" | nao e WAV
[2026-03-26 23:00:05]   [---] Clip 71: "APE_FX30_STD-4323.MP4" | nao e WAV
[2026-03-26 23:00:05]   [---] Clip 72: "APE_FX30_STD-4328.MP4" | nao e WAV
[2026-03-26 23:00:05]   [---] Clip 73: "APE_FX30_STD-4329.MP4" | nao e WAV
[2026-03-26 23:00:05]   [---] Clip 74: "APE_FX30_STD-4330.MP4" | nao e WAV
[2026-03-26 23:00:05]   [---] Clip 75: "APE_FX30_STD-4331.MP4" | nao e WAV
[2026-03-26 23:00:05]   [---] Clip 76: "APE_FX30_STD-4332.MP4" | nao e WAV
[2026-03-26 23:00:05]   [---] Clip 77: "APE_FX30_STD-4333.MP4" | nao e WAV
[2026-03-26 23:00:05]   [---] Clip 78: "APE_FX30_STD-4334.MP4" | nao e WAV
[2026-03-26 23:00:05]   [---] Clip 79: "APE_FX30_STD-4335.MP4" | nao e WAV
[2026-03-26 23:00:05]   [---] Clip 80: "APE_FX30_STD-4336.MP4" | nao e WAV
[2026-03-26 23:00:05]   [---] Clip 81: "APE_FX30_STD-4337.MP4" | nao e WAV
[2026-03-26 23:00:05]   [---] Clip 82: "APE_FX30_STD-4338.MP4" | nao e WAV
[2026-03-26 23:00:05]   [---] Clip 83: "APE_FX30_STD-4339.MP4" | nao e WAV
[2026-03-26 23:00:05]   [---] Clip 84: "APE_FX30_STD-4340.MP4" | nao e WAV
[2026-03-26 23:00:05]   [---] Clip 85: "APE_FX30_STD-4341.MP4" | nao e WAV
[2026-03-26 23:00:05]   [---] Clip 86: "APE_FX30_STD-4343.MP4" | nao e WAV
[2026-03-26 23:00:05]   [---] Clip 87: "APE_FX30_STD-4344.MP4" | nao e WAV
[2026-03-26 23:00:05]   [---] Clip 88: "APE_FX30_STD-4345.MP4" | nao e WAV
[2026-03-26 23:00:05]   [---] Clip 89: "APE_FX30_STD-4346.MP4" | nao e WAV
[2026-03-26 23:00:05]   [---] Clip 90: "APE_FX30_STD-4347.MP4" | nao e WAV
[2026-03-26 23:00:05]   [---] Clip 91: "APE_FX30_STD-4348.MP4" | nao e WAV
[2026-03-26 23:00:05]   [---] Clip 92: "APE_FX30_STD-4349.MP4" | nao e WAV
[2026-03-26 23:00:05]   [---] Clip 93: "APE_FX30_STD-4350.MP4" | nao e WAV
[2026-03-26 23:00:05]   [---] Clip 94: "APE_FX30_STD-4353.MP4" | nao e WAV
[2026-03-26 23:00:05]   [---] Clip 95: "APE_FX30_STD-4356.MP4" | nao e WAV
[2026-03-26 23:00:05]   [---] Clip 96: "APE_FX30_STD-4359.MP4" | nao e WAV
[2026-03-26 23:00:05]   [---] Clip 97: "APE_FX30_STD-4360.MP4" | nao e WAV
[2026-03-26 23:00:05]   [---] Clip 98: "APE_FX30_STD-4361.MP4" | nao e WAV
[2026-03-26 23:00:05]   [---] Clip 99: "APE_FX30_STD-4362.MP4" | nao e WAV
[2026-03-26 23:00:05]   [---] Clip 100: "APE_FX30_STD-4364.MP4" | nao e WAV
[2026-03-26 23:00:05]   [---] Clip 101: "APE_FX30_STD-4365.MP4" | nao e WAV
[2026-03-26 23:00:05]   [---] Clip 102: "APE_FX30_STD-4366.MP4" | nao e WAV
[2026-03-26 23:00:05]   [---] Clip 103: "APE_FX30_STD-4368.MP4" | nao e WAV
[2026-03-26 23:00:05]   [---] Clip 104: "APE_FX30_STD-4371.MP4" | nao e WAV
[2026-03-26 23:00:05]   [---] Clip 105: "APE_FX30_STD-4373.MP4" | nao e WAV
[2026-03-26 23:00:05]   [---] Clip 106: "APE_FX30_STD-4374.MP4" | nao e WAV
[2026-03-26 23:00:05]   [---] Clip 107: "APE_FX30_STD-4375.MP4" | nao e WAV
[2026-03-26 23:00:05]   [---] Clip 108: "APE_FX30_STD-4376.MP4" | nao e WAV
[2026-03-26 23:00:05]   [---] Clip 109: "APE_FX30_STD-4377.MP4" | nao e WAV
[2026-03-26 23:00:05]   [---] Clip 110: "APE_FX30_STD-4363.MP4" | nao e WAV
[2026-03-26 23:00:05]   [---] Clip 111: "APE_FX30_STD-4379.MP4" | nao e WAV
[2026-03-26 23:00:05]   [---] Clip 112: "APE_FX30_STD-4380.MP4" | nao e WAV
[2026-03-26 23:00:05]   [---] Clip 113: "APE_FX30_STD-4381.MP4" | nao e WAV
[2026-03-26 23:00:05]   [---] Clip 114: "APE_FX30_STD-4382.MP4" | nao e WAV
[2026-03-26 23:00:05]   [---] Clip 115: "APE_FX30_STD-4383.MP4" | nao e WAV
[2026-03-26 23:00:05]   [---] Clip 116: "APE_FX30_STD-4384.MP4" | nao e WAV
[2026-03-26 23:00:05] Track 11 (Audio 12): 2 clips
[2026-03-26 23:00:05]   [---] Clip 0: "APE_FX30_STD-4254.MP4" | nao e WAV
[2026-03-26 23:00:05]   [---] Clip 1: "APE_FX30_STD-4266.MP4" | nao e WAV
[2026-03-26 23:00:05] Track 12 (Audio 13): 4 clips
[2026-03-26 23:00:05]   [---] Clip 0: "DD-4249.MP4" | nao e WAV
[2026-03-26 23:00:05]   [---] Clip 1: "DD-4250.MP4" | nao e WAV
[2026-03-26 23:00:05]   [---] Clip 2: "DD-4251.MP4" | nao e WAV
[2026-03-26 23:00:05]   [---] Clip 3: "DD-4252.MP4" | nao e WAV
[2026-03-26 23:00:05] Track 13 (Audio 14): 1 clips
[2026-03-26 23:00:05]   [---] Clip 0: "APD-4385.MP4" | nao e WAV
[2026-03-26 23:00:05] Track 14 (Audio 15): 5 clips
[2026-03-26 23:00:05]   [WAV] Clip 0: "Stereo__00856_Wireless PRO_drift_corrected+0.072.wav" | 3575.889s - 7176.186s | via mediaPath
[2026-03-26 23:00:05]          path: U:\~ BRUTAS LOCAIS\Eventos\2026_03_25 - Workshop Corporal Academy - Fios Corporais - Natalia Canto\Audio\pluraleyes_drift_corrected\Stereo__00856_Wireless PRO_drift_corrected+0.072.wav
[2026-03-26 23:00:05]   [WAV] Clip 1: "Stereo__00861_Wireless PRO.wav" | 13982.902s - 14418.120s | via mediaPath
[2026-03-26 23:00:05]          path: U:\~ BRUTAS LOCAIS\Eventos\2026_03_25 - Workshop Corporal Academy - Fios Corporais - Natalia Canto\Audio\Stereo__00861_Wireless PRO.wav
[2026-03-26 23:00:05]   [WAV] Clip 2: "Stereo__00863_Wireless PRO.wav" | 16712.930s - 16950.567s | via mediaPath
[2026-03-26 23:00:05]          path: U:\~ BRUTAS LOCAIS\Eventos\2026_03_25 - Workshop Corporal Academy - Fios Corporais - Natalia Canto\Audio\Stereo__00863_Wireless PRO.wav
[2026-03-26 23:00:05]   [WAV] Clip 3: "Stereo__00867_Wireless PRO_drift_corrected+0.072.wav" | 18854.035s - 22443.388s | via mediaPath
[2026-03-26 23:00:05]          path: U:\~ BRUTAS LOCAIS\Eventos\2026_03_25 - Workshop Corporal Academy - Fios Corporais - Natalia Canto\Audio\pluraleyes_drift_corrected\Stereo__00867_Wireless PRO_drift_corrected+0.072.wav
[2026-03-26 23:00:05]   [WAV] Clip 4: "Stereo__00865_Wireless PRO.wav" | 31955.440s - 32080.849s | via mediaPath
[2026-03-26 23:00:05]          path: U:\~ BRUTAS LOCAIS\Eventos\2026_03_25 - Workshop Corporal Academy - Fios Corporais - Natalia Canto\Audio\Stereo__00865_Wireless PRO.wav
[2026-03-26 23:00:05] Track 15 (Audio 16): 3 clips
[2026-03-26 23:00:05]   [WAV] Clip 0: "Stereo__00857_Wireless PRO_drift_corrected+0.054.wav" | 7176.186s - 9866.273s | via mediaPath
[2026-03-26 23:00:05]          path: U:\~ BRUTAS LOCAIS\Eventos\2026_03_25 - Workshop Corporal Academy - Fios Corporais - Natalia Canto\Audio\pluraleyes_drift_corrected\Stereo__00857_Wireless PRO_drift_corrected+0.054.wav
[2026-03-26 23:00:05]   [WAV] Clip 1: "Stereo__00870_Wireless PRO.wav" | 14207.860s - 14323.159s | via mediaPath
[2026-03-26 23:00:05]          path: U:\~ BRUTAS LOCAIS\Eventos\2026_03_25 - Workshop Corporal Academy - Fios Corporais - Natalia Canto\Audio\Stereo__00870_Wireless PRO.wav
[2026-03-26 23:00:05]   [WAV] Clip 2: "Stereo__00874_Wireless PRO.wav" | 14442.328s - 15917.935s | via mediaPath
[2026-03-26 23:00:05]          path: U:\~ BRUTAS LOCAIS\Eventos\2026_03_25 - Workshop Corporal Academy - Fios Corporais - Natalia Canto\Audio\Stereo__00874_Wireless PRO.wav
[2026-03-26 23:00:05] Track 16 (Audio 17): 1 clips
[2026-03-26 23:00:05]   [WAV] Clip 0: "Stereo__00869_LapelaRode02.wav" | 28196.685s - 29855.926s | via mediaPath
[2026-03-26 23:00:05]          path: U:\~ BRUTAS LOCAIS\Eventos\2026_03_25 - Workshop Corporal Academy - Fios Corporais - Natalia Canto\Audio\Stereo__00869_LapelaRode02.wav
[2026-03-26 23:00:05] Track 17 (Audio 18): 3 clips
[2026-03-26 23:00:05]   [WAV] Clip 0: "Stereo__20260325_1258_0198_32Float_D2AV_drift_corrected-0.149.wav" | 2690.087s - 4490.086s | via mediaPath
[2026-03-26 23:00:05]          path: U:\~ BRUTAS LOCAIS\Eventos\2026_03_25 - Workshop Corporal Academy - Fios Corporais - Natalia Canto\Audio\pluraleyes_drift_corrected\Stereo__20260325_1258_0198_32Float_D2AV_drift_corrected-0.149.wav
[2026-03-26 23:00:05]   [WAV] Clip 1: "Stereo__20260325_1358_0200_32Float_D2AV_drift_corrected-0.149.wav" | 16095.396s - 17895.394s | via mediaPath
[2026-03-26 23:00:05]          path: U:\~ BRUTAS LOCAIS\Eventos\2026_03_25 - Workshop Corporal Academy - Fios Corporais - Natalia Canto\Audio\pluraleyes_drift_corrected\Stereo__20260325_1358_0200_32Float_D2AV_drift_corrected-0.149.wav
[2026-03-26 23:00:05]   [WAV] Clip 2: "Stereo__20260325_1428_0201_32Float_D2AV_drift_corrected-0.108.wav" | 19303.017s - 20614.110s | via mediaPath
[2026-03-26 23:00:05]          path: U:\~ BRUTAS LOCAIS\Eventos\2026_03_25 - Workshop Corporal Academy - Fios Corporais - Natalia Canto\Audio\pluraleyes_drift_corrected\Stereo__20260325_1428_0201_32Float_D2AV_drift_corrected-0.108.wav
[2026-03-26 23:00:05] Track 18 (Audio 19): 6 clips
[2026-03-26 23:00:05]   [WAV] Clip 0: "Stereo__20260325_1450_3646_32Float_CP47.wav" | 20627.557s - 22427.722s | via mediaPath
[2026-03-26 23:00:05]          path: U:\~ BRUTAS LOCAIS\Eventos\2026_03_25 - Workshop Corporal Academy - Fios Corporais - Natalia Canto\Audio\Stereo__20260325_1450_3646_32Float_CP47.wav
[2026-03-26 23:00:05]   [WAV] Clip 1: "Stereo__20260325_1520_3647_32Float_CP47.wav" | 22427.755s - 24227.920s | via mediaPath
[2026-03-26 23:00:05]          path: U:\~ BRUTAS LOCAIS\Eventos\2026_03_25 - Workshop Corporal Academy - Fios Corporais - Natalia Canto\Audio\Stereo__20260325_1520_3647_32Float_CP47.wav
[2026-03-26 23:00:05]   [WAV] Clip 2: "Stereo__20260325_1550_3648_32Float_CP47.wav" | 24227.937s - 26028.102s | via mediaPath
[2026-03-26 23:00:05]          path: U:\~ BRUTAS LOCAIS\Eventos\2026_03_25 - Workshop Corporal Academy - Fios Corporais - Natalia Canto\Audio\Stereo__20260325_1550_3648_32Float_CP47.wav
[2026-03-26 23:00:05]   [WAV] Clip 3: "Stereo__20260325_1620_3649_32Float_CP47.wav" | 26028.069s - 27828.234s | via mediaPath
[2026-03-26 23:00:05]          path: U:\~ BRUTAS LOCAIS\Eventos\2026_03_25 - Workshop Corporal Academy - Fios Corporais - Natalia Canto\Audio\Stereo__20260325_1620_3649_32Float_CP47.wav
[2026-03-26 23:00:05]   [WAV] Clip 4: "Stereo__20260325_1650_3650_32Float_CP47.wav" | 27828.668s - 29628.833s | via mediaPath
[2026-03-26 23:00:05]          path: U:\~ BRUTAS LOCAIS\Eventos\2026_03_25 - Workshop Corporal Academy - Fios Corporais - Natalia Canto\Audio\Stereo__20260325_1650_3650_32Float_CP47.wav
[2026-03-26 23:00:05]   [WAV] Clip 5: "Stereo__20260325_1720_3651_32Float_CP47.wav" | 29628.816s - 29857.961s | via mediaPath
[2026-03-26 23:00:05]          path: U:\~ BRUTAS LOCAIS\Eventos\2026_03_25 - Workshop Corporal Academy - Fios Corporais - Natalia Canto\Audio\Stereo__20260325_1720_3651_32Float_CP47.wav
[2026-03-26 23:00:05] Total clips escaneados: 159
[2026-03-26 23:00:05] Total WAVs encontrados: 18
[2026-03-26 23:00:05] Assign: "Stereo__20260325_1258_0198_32Float_D2AV_drift_corrected-0.149.wav" -> nova track 0
[2026-03-26 23:00:05] Assign: "Stereo__00856_Wireless PRO_drift_corrected+0.072.wav" -> nova track 1
[2026-03-26 23:00:05] Assign: "Stereo__00857_Wireless PRO_drift_corrected+0.054.wav" -> nova track 0
[2026-03-26 23:00:05] Assign: "Stereo__00861_Wireless PRO.wav" -> nova track 0
[2026-03-26 23:00:05] Assign: "Stereo__00870_Wireless PRO.wav" -> nova track 1
[2026-03-26 23:00:05] Assign: "Stereo__00874_Wireless PRO.wav" -> nova track 0
[2026-03-26 23:00:05] Assign: "Stereo__20260325_1358_0200_32Float_D2AV_drift_corrected-0.149.wav" -> nova track 0
[2026-03-26 23:00:05] Assign: "Stereo__00863_Wireless PRO.wav" -> nova track 1
[2026-03-26 23:00:05] Assign: "Stereo__00867_Wireless PRO_drift_corrected+0.072.wav" -> nova track 0
[2026-03-26 23:00:05] Assign: "Stereo__20260325_1428_0201_32Float_D2AV_drift_corrected-0.108.wav" -> nova track 1
[2026-03-26 23:00:05] Assign: "Stereo__20260325_1450_3646_32Float_CP47.wav" -> nova track 1
[2026-03-26 23:00:05] Assign: "Stereo__20260325_1520_3647_32Float_CP47.wav" -> nova track 1
[2026-03-26 23:00:05] Assign: "Stereo__20260325_1550_3648_32Float_CP47.wav" -> nova track 0
[2026-03-26 23:00:05] Assign: "Stereo__20260325_1620_3649_32Float_CP47.wav" -> nova track 1
[2026-03-26 23:00:05] Assign: "Stereo__20260325_1650_3650_32Float_CP47.wav" -> nova track 0
[2026-03-26 23:00:05] Assign: "Stereo__00869_LapelaRode02.wav" -> nova track 1
[2026-03-26 23:00:05] Assign: "Stereo__20260325_1720_3651_32Float_CP47.wav" -> nova track 2
[2026-03-26 23:00:05] Assign: "Stereo__00865_Wireless PRO.wav" -> nova track 0
[2026-03-26 23:00:05] Tracks necessarias: 3
[2026-03-26 23:00:05] Base index para novas tracks: 19
[2026-03-26 23:00:05] QE sequence name: Synced Sequence
[2026-03-26 23:00:05] QE numAudioTracks: 19
[2026-03-26 23:00:05] QE sequence properties: CTI, audioDisplayFormat, audioFrameRate, editingMode, fieldType, guid, inPoint, multicam, name, numAudioTracks, numVideoTracks, outPoint, par, player, presetList, previewPresetCodec, previewPresetPath, useMaxBitDepth, useMaxRenderQuality, videoDisplayFormat, videoFrameRate, workInPoint, workOutPoint
[2026-03-26 23:00:05] Tentativa 1: qeSeq.addTracks(0, 3, 0)
[2026-03-26 23:00:05]   Count apos addTracks: 19
[2026-03-26 23:00:05]   Falhou: count ainda 19
[2026-03-26 23:00:05] Tentativa 2: addTracks individual x3
[2026-03-26 23:00:05]   Iteracao 0: count=19
[2026-03-26 23:00:05]   Iteracao 1: count=19
[2026-03-26 23:00:05]   Iteracao 2: count=19
[2026-03-26 23:00:05]   Falhou: count ainda 19
[2026-03-26 23:00:05] Tentativa 3: procurando tracks vazias existentes
[2026-03-26 23:00:05]   Track 0 (Audio 1) esta vazia
[2026-03-26 23:00:05]   Track 1 (Audio 2) esta vazia
[2026-03-26 23:00:05]   Track 2 (Audio 3) esta vazia
[2026-03-26 23:00:05]   Track 3 (Audio 4) esta vazia
[2026-03-26 23:00:05]   Track 4 (Audio 5) esta vazia
[2026-03-26 23:00:05]   OK: usando 3 tracks vazias existentes
[2026-03-26 23:00:05] Audio tracks apos criacao: 19 (base: -1, novas: 3)
[2026-03-26 23:00:05] Iniciando movimentacao de clips
[2026-03-26 23:00:05] Inserindo "Stereo__20260325_1258_0198_32Float_D2AV_drift_corrected-0.149.wav" na track 0 em 2690.087s
[2026-03-26 23:00:05]   Duracao ajustada: end=4490.086s
[2026-03-26 23:00:05] Inserindo "Stereo__00856_Wireless PRO_drift_corrected+0.072.wav" na track 1 em 3575.889s
[2026-03-26 23:00:05]   Duracao ajustada: end=7176.186s
[2026-03-26 23:00:05] Inserindo "Stereo__00857_Wireless PRO_drift_corrected+0.054.wav" na track 0 em 7176.186s
[2026-03-26 23:00:05]   Duracao ajustada: end=9866.273s
[2026-03-26 23:00:05] Inserindo "Stereo__00861_Wireless PRO.wav" na track 0 em 13982.902s
[2026-03-26 23:00:05]   Duracao ajustada: end=14418.120s
[2026-03-26 23:00:05] Inserindo "Stereo__00870_Wireless PRO.wav" na track 1 em 14207.860s
[2026-03-26 23:00:05]   Duracao ajustada: end=14323.159s
[2026-03-26 23:00:05] Inserindo "Stereo__00874_Wireless PRO.wav" na track 0 em 14442.328s
[2026-03-26 23:00:05]   Duracao ajustada: end=15917.935s
[2026-03-26 23:00:05] Inserindo "Stereo__20260325_1358_0200_32Float_D2AV_drift_corrected-0.149.wav" na track 0 em 16095.396s
[2026-03-26 23:00:06]   Duracao ajustada: end=17895.394s
[2026-03-26 23:00:06] Inserindo "Stereo__00863_Wireless PRO.wav" na track 1 em 16712.930s
[2026-03-26 23:00:06]   Duracao ajustada: end=16950.567s
[2026-03-26 23:00:06] Inserindo "Stereo__00867_Wireless PRO_drift_corrected+0.072.wav" na track 0 em 18854.035s
[2026-03-26 23:00:06]   Duracao ajustada: end=22443.388s
[2026-03-26 23:00:06] Inserindo "Stereo__20260325_1428_0201_32Float_D2AV_drift_corrected-0.108.wav" na track 1 em 19303.017s
[2026-03-26 23:00:06]   Duracao ajustada: end=20614.110s
[2026-03-26 23:00:06] Inserindo "Stereo__20260325_1450_3646_32Float_CP47.wav" na track 1 em 20627.557s
[2026-03-26 23:00:06]   Duracao ajustada: end=22427.722s
[2026-03-26 23:00:06] Inserindo "Stereo__20260325_1520_3647_32Float_CP47.wav" na track 1 em 22427.755s
[2026-03-26 23:00:06]   Duracao ajustada: end=24227.920s
[2026-03-26 23:00:06] Inserindo "Stereo__20260325_1550_3648_32Float_CP47.wav" na track 0 em 24227.937s
[2026-03-26 23:00:06]   Duracao ajustada: end=26028.102s
[2026-03-26 23:00:06] Inserindo "Stereo__20260325_1620_3649_32Float_CP47.wav" na track 1 em 26028.069s
[2026-03-26 23:00:06]   Duracao ajustada: end=27828.234s
[2026-03-26 23:00:06] Inserindo "Stereo__20260325_1650_3650_32Float_CP47.wav" na track 0 em 27828.668s
[2026-03-26 23:00:06]   Duracao ajustada: end=29628.833s
[2026-03-26 23:00:06] Inserindo "Stereo__00869_LapelaRode02.wav" na track 1 em 28196.685s
[2026-03-26 23:00:06]   Duracao ajustada: end=29855.926s
[2026-03-26 23:00:06] Inserindo "Stereo__20260325_1720_3651_32Float_CP47.wav" na track 2 em 29628.816s
[2026-03-26 23:00:06]   Duracao ajustada: end=29857.961s
[2026-03-26 23:00:06] Inserindo "Stereo__00865_Wireless PRO.wav" na track 0 em 31955.440s
[2026-03-26 23:00:06]   Duracao ajustada: end=32080.849s
[2026-03-26 23:00:06] Insercoes: 18 ok, 0 erros
[2026-03-26 23:00:06] Removendo 3 clips da track original 17
[2026-03-26 23:00:06]   Buscando "Stereo__20260325_1258_0198_32Float_D2AV_drift_corrected-0.149.wav" em 7 QE items
[2026-03-26 23:00:06]   Removido QE item 1 ("Stereo__20260325_1258_0198_32Float_D2AV_drift_corrected-0.149.wav")
[2026-03-26 23:00:06]   Buscando "Stereo__20260325_1358_0200_32Float_D2AV_drift_corrected-0.149.wav" em 5 QE items
[2026-03-26 23:00:06]   Removido QE item 1 ("Stereo__20260325_1358_0200_32Float_D2AV_drift_corrected-0.149.wav")
[2026-03-26 23:00:06]   Buscando "Stereo__20260325_1428_0201_32Float_D2AV_drift_corrected-0.108.wav" em 3 QE items
[2026-03-26 23:00:06]   Removido QE item 1 ("Stereo__20260325_1428_0201_32Float_D2AV_drift_corrected-0.108.wav")
[2026-03-26 23:00:06] Removendo 5 clips da track original 14
[2026-03-26 23:00:06]   Buscando "Stereo__00856_Wireless PRO_drift_corrected+0.072.wav" em 11 QE items
[2026-03-26 23:00:06]   Removido QE item 1 ("Stereo__00856_Wireless PRO_drift_corrected+0.072.wav")
[2026-03-26 23:00:06]   Buscando "Stereo__00861_Wireless PRO.wav" em 9 QE items
[2026-03-26 23:00:06]   Removido QE item 1 ("Stereo__00861_Wireless PRO.wav")
[2026-03-26 23:00:06]   Buscando "Stereo__00863_Wireless PRO.wav" em 7 QE items
[2026-03-26 23:00:07]   Removido QE item 1 ("Stereo__00863_Wireless PRO.wav")
[2026-03-26 23:00:07]   Buscando "Stereo__00867_Wireless PRO_drift_corrected+0.072.wav" em 5 QE items
[2026-03-26 23:00:07]   Removido QE item 1 ("Stereo__00867_Wireless PRO_drift_corrected+0.072.wav")
[2026-03-26 23:00:07]   Buscando "Stereo__00865_Wireless PRO.wav" em 3 QE items
[2026-03-26 23:00:07]   Removido QE item 1 ("Stereo__00865_Wireless PRO.wav")
[2026-03-26 23:00:07] Removendo 3 clips da track original 15
[2026-03-26 23:00:07]   Buscando "Stereo__00857_Wireless PRO_drift_corrected+0.054.wav" em 7 QE items
[2026-03-26 23:00:07]   Removido QE item 1 ("Stereo__00857_Wireless PRO_drift_corrected+0.054.wav")
[2026-03-26 23:00:07]   Buscando "Stereo__00870_Wireless PRO.wav" em 5 QE items
[2026-03-26 23:00:07]   Removido QE item 1 ("Stereo__00870_Wireless PRO.wav")
[2026-03-26 23:00:07]   Buscando "Stereo__00874_Wireless PRO.wav" em 3 QE items
[2026-03-26 23:00:07]   Removido QE item 1 ("Stereo__00874_Wireless PRO.wav")
[2026-03-26 23:00:07] Removendo 6 clips da track original 18
[2026-03-26 23:00:07]   Buscando "Stereo__20260325_1450_3646_32Float_CP47.wav" em 11 QE items
[2026-03-26 23:00:07]   Removido QE item 1 ("Stereo__20260325_1450_3646_32Float_CP47.wav")
[2026-03-26 23:00:07]   Buscando "Stereo__20260325_1520_3647_32Float_CP47.wav" em 9 QE items
[2026-03-26 23:00:07]   Removido QE item 1 ("Stereo__20260325_1520_3647_32Float_CP47.wav")
[2026-03-26 23:00:07]   Buscando "Stereo__20260325_1550_3648_32Float_CP47.wav" em 7 QE items
[2026-03-26 23:00:07]   Removido QE item 1 ("Stereo__20260325_1550_3648_32Float_CP47.wav")
[2026-03-26 23:00:07]   Buscando "Stereo__20260325_1620_3649_32Float_CP47.wav" em 6 QE items
[2026-03-26 23:00:07]   Removido QE item 1 ("Stereo__20260325_1620_3649_32Float_CP47.wav")
[2026-03-26 23:00:07]   Buscando "Stereo__20260325_1650_3650_32Float_CP47.wav" em 4 QE items
[2026-03-26 23:00:07]   Removido QE item 1 ("Stereo__20260325_1650_3650_32Float_CP47.wav")
[2026-03-26 23:00:07]   Buscando "Stereo__20260325_1720_3651_32Float_CP47.wav" em 3 QE items
[2026-03-26 23:00:07]   Removido QE item 1 ("Stereo__20260325_1720_3651_32Float_CP47.wav")
[2026-03-26 23:00:07] Removendo 1 clips da track original 16
[2026-03-26 23:00:07]   Buscando "Stereo__00869_LapelaRode02.wav" em 3 QE items
[2026-03-26 23:00:07]   Removido QE item 1 ("Stereo__00869_LapelaRode02.wav")
[2026-03-26 23:00:07] Remocoes: 18 ok, 0 erros
[2026-03-26 23:00:07] Movimentacao concluida
[2026-03-26 23:00:07] === Concluido ===